<?xml version="1.0" encoding="UTF-8"?>
<coverage generated="1393102285">
  <project timestamp="1393102285">
    <file name="D:\Work\wansujango\p005 - Zf2 Skeleton\vendor\axalian\achievements\src\AxalianAchievements/AchievementProvider/AchievementProviderInterface.php">
      <metrics loc="23" ncloc="10" classes="0" methods="0" coveredmethods="0" conditionals="0" coveredconditionals="0" statements="0" coveredstatements="0" elements="0" coveredelements="0"/>
    </file>
    <package name="AxalianAchievements\AchievementProvider">
      <file name="D:\Work\wansujango\p005 - Zf2 Skeleton\vendor\axalian\achievements\src\AxalianAchievements/AchievementProvider/AchievementProviderPluginManager.php">
        <class name="AchievementProviderPluginManager" namespace="AxalianAchievements\AchievementProvider">
          <metrics methods="1" coveredmethods="0" conditionals="0" coveredconditionals="0" statements="8" coveredstatements="0" elements="9" coveredelements="0"/>
        </class>
        <line num="27" type="method" name="validatePlugin" crap="12" count="0"/>
        <line num="29" type="stmt" count="0"/>
        <line num="30" type="stmt" count="0"/>
        <line num="33" type="stmt" count="0"/>
        <line num="34" type="stmt" count="0"/>
        <line num="35" type="stmt" count="0"/>
        <line num="36" type="stmt" count="0"/>
        <line num="37" type="stmt" count="0"/>
        <line num="38" type="stmt" count="0"/>
        <metrics loc="39" ncloc="20" classes="1" methods="1" coveredmethods="0" conditionals="0" coveredconditionals="0" statements="8" coveredstatements="0" elements="9" coveredelements="0"/>
      </file>
      <file name="D:\Work\wansujango\p005 - Zf2 Skeleton\vendor\axalian\achievements\src\AxalianAchievements/AchievementProvider/ConfigAchievementProvider.php">
        <class name="ConfigAchievementProvider" namespace="AxalianAchievements\AchievementProvider">
          <metrics methods="5" coveredmethods="0" conditionals="0" coveredconditionals="0" statements="31" coveredstatements="0" elements="36" coveredelements="0"/>
        </class>
        <line num="27" type="method" name="__construct" crap="12" count="0"/>
        <line num="28" type="stmt" count="0"/>
        <line num="30" type="stmt" count="0"/>
        <line num="31" type="stmt" count="0"/>
        <line num="32" type="stmt" count="0"/>
        <line num="34" type="stmt" count="0"/>
        <line num="35" type="stmt" count="0"/>
        <line num="36" type="stmt" count="0"/>
        <line num="37" type="stmt" count="0"/>
        <line num="42" type="method" name="getAchievements" crap="2" count="0"/>
        <line num="43" type="stmt" count="0"/>
        <line num="44" type="stmt" count="0"/>
        <line num="45" type="stmt" count="0"/>
        <line num="50" type="method" name="getCategories" crap="2" count="0"/>
        <line num="51" type="stmt" count="0"/>
        <line num="52" type="stmt" count="0"/>
        <line num="53" type="stmt" count="0"/>
        <line num="59" type="method" name="setAchievements" crap="6" count="0"/>
        <line num="60" type="stmt" count="0"/>
        <line num="61" type="stmt" count="0"/>
        <line num="62" type="stmt" count="0"/>
        <line num="63" type="stmt" count="0"/>
        <line num="65" type="stmt" count="0"/>
        <line num="66" type="stmt" count="0"/>
        <line num="72" type="method" name="setCategories" crap="6" count="0"/>
        <line num="73" type="stmt" count="0"/>
        <line num="74" type="stmt" count="0"/>
        <line num="75" type="stmt" count="0"/>
        <line num="76" type="stmt" count="0"/>
        <line num="78" type="stmt" count="0"/>
        <line num="79" type="stmt" count="0"/>
        <metrics loc="80" ncloc="53" classes="1" methods="5" coveredmethods="0" conditionals="0" coveredconditionals="0" statements="31" coveredstatements="0" elements="36" coveredelements="0"/>
      </file>
    </package>
    <package name="AxalianAchievements\Entity">
      <file name="D:\Work\wansujango\p005 - Zf2 Skeleton\vendor\axalian\achievements\src\AxalianAchievements/Entity/AbstractAchievementEntity.php">
        <class name="AbstractAchievementEntity" namespace="AxalianAchievements\Entity">
          <metrics methods="3" coveredmethods="2" conditionals="0" coveredconditionals="0" statements="12" coveredstatements="7" elements="15" coveredelements="9"/>
        </class>
        <line num="23" type="method" name="__construct" crap="3.79" count="1"/>
        <line num="26" type="stmt" count="1"/>
        <line num="27" type="stmt" count="0"/>
        <line num="28" type="stmt" count="0"/>
        <line num="30" type="stmt" count="1"/>
        <line num="32" type="stmt" count="1"/>
        <line num="34" type="stmt" count="0"/>
        <line num="36" type="stmt" count="0"/>
        <line num="37" type="stmt" count="1"/>
        <line num="38" type="stmt" count="1"/>
        <line num="43" type="method" name="getID" crap="2" count="0"/>
        <line num="45" type="stmt" count="0"/>
        <line num="52" type="method" name="setID" crap="1" count="1"/>
        <line num="54" type="stmt" count="1"/>
        <line num="56" type="stmt" count="1"/>
        <metrics loc="58" ncloc="35" classes="1" methods="3" coveredmethods="1" conditionals="0" coveredconditionals="0" statements="12" coveredstatements="7" elements="15" coveredelements="8"/>
      </file>
      <file name="D:\Work\wansujango\p005 - Zf2 Skeleton\vendor\axalian\achievements\src\AxalianAchievements/Entity/Achievement.php">
        <class name="Achievement" namespace="AxalianAchievements\Entity">
          <metrics methods="14" coveredmethods="0" conditionals="0" coveredconditionals="0" statements="21" coveredstatements="0" elements="35" coveredelements="0"/>
        </class>
        <line num="52" type="method" name="getCategory" crap="2" count="0"/>
        <line num="54" type="stmt" count="0"/>
        <line num="61" type="method" name="setCategory" crap="2" count="0"/>
        <line num="63" type="stmt" count="0"/>
        <line num="65" type="stmt" count="0"/>
        <line num="71" type="method" name="getTitle" crap="2" count="0"/>
        <line num="73" type="stmt" count="0"/>
        <line num="80" type="method" name="setTitle" crap="2" count="0"/>
        <line num="82" type="stmt" count="0"/>
        <line num="84" type="stmt" count="0"/>
        <line num="90" type="method" name="getDescription" crap="2" count="0"/>
        <line num="92" type="stmt" count="0"/>
        <line num="98" type="method" name="getImage" crap="2" count="0"/>
        <line num="100" type="stmt" count="0"/>
        <line num="107" type="method" name="setImage" crap="2" count="0"/>
        <line num="109" type="stmt" count="0"/>
        <line num="111" type="stmt" count="0"/>
        <line num="117" type="method" name="getPoints" crap="2" count="0"/>
        <line num="119" type="stmt" count="0"/>
        <line num="126" type="method" name="setPoints" crap="2" count="0"/>
        <line num="128" type="stmt" count="0"/>
        <line num="130" type="stmt" count="0"/>
        <line num="136" type="method" name="getEvent" crap="2" count="0"/>
        <line num="138" type="stmt" count="0"/>
        <line num="145" type="method" name="setEvent" crap="2" count="0"/>
        <line num="147" type="stmt" count="0"/>
        <line num="149" type="stmt" count="0"/>
        <line num="155" type="method" name="getMultiple" crap="2" count="0"/>
        <line num="157" type="stmt" count="0"/>
        <line num="164" type="method" name="setMultiple" crap="2" count="0"/>
        <line num="166" type="stmt" count="0"/>
        <line num="168" type="stmt" count="0"/>
        <line num="175" type="method" name="setDescription" crap="2" count="0"/>
        <line num="177" type="stmt" count="0"/>
        <line num="179" type="stmt" count="0"/>
        <metrics loc="181" ncloc="104" classes="1" methods="14" coveredmethods="0" conditionals="0" coveredconditionals="0" statements="21" coveredstatements="0" elements="35" coveredelements="0"/>
      </file>
      <file name="D:\Work\wansujango\p005 - Zf2 Skeleton\vendor\axalian\achievements\src\AxalianAchievements/Entity/Category.php">
        <class name="Category" namespace="AxalianAchievements\Entity">
          <metrics methods="6" coveredmethods="0" conditionals="0" coveredconditionals="0" statements="9" coveredstatements="0" elements="15" coveredelements="0"/>
        </class>
        <line num="34" type="method" name="getTitle" crap="2" count="0"/>
        <line num="36" type="stmt" count="0"/>
        <line num="43" type="method" name="setTitle" crap="2" count="0"/>
        <line num="45" type="stmt" count="0"/>
        <line num="47" type="stmt" count="0"/>
        <line num="53" type="method" name="getDescription" crap="2" count="0"/>
        <line num="55" type="stmt" count="0"/>
        <line num="62" type="method" name="setDescription" crap="2" count="0"/>
        <line num="64" type="stmt" count="0"/>
        <line num="66" type="stmt" count="0"/>
        <line num="72" type="method" name="getImage" crap="2" count="0"/>
        <line num="74" type="stmt" count="0"/>
        <line num="81" type="method" name="setImage" crap="2" count="0"/>
        <line num="83" type="stmt" count="0"/>
        <line num="85" type="stmt" count="0"/>
        <metrics loc="87" ncloc="50" classes="1" methods="6" coveredmethods="0" conditionals="0" coveredconditionals="0" statements="9" coveredstatements="0" elements="15" coveredelements="0"/>
      </file>
    </package>
    <package name="AxalianAchievements\EventManager">
      <file name="D:\Work\wansujango\p005 - Zf2 Skeleton\vendor\axalian\achievements\src\AxalianAchievements/EventManager/AchievementListenerAggregate.php">
        <class name="AchievementListenerAggregate" namespace="AxalianAchievements\EventManager">
          <metrics methods="7" coveredmethods="0" conditionals="0" coveredconditionals="0" statements="42" coveredstatements="0" elements="49" coveredelements="0"/>
        </class>
        <line num="30" type="method" name="__construct" crap="2" count="0"/>
        <line num="31" type="stmt" count="0"/>
        <line num="32" type="stmt" count="0"/>
        <line num="33" type="stmt" count="0"/>
        <line num="38" type="method" name="attach" crap="6" count="0"/>
        <line num="39" type="stmt" count="0"/>
        <line num="41" type="stmt" count="0"/>
        <line num="42" type="stmt" count="0"/>
        <line num="43" type="stmt" count="0"/>
        <line num="44" type="stmt" count="0"/>
        <line num="45" type="stmt" count="0"/>
        <line num="50" type="method" name="detach" crap="12" count="0"/>
        <line num="51" type="stmt" count="0"/>
        <line num="52" type="stmt" count="0"/>
        <line num="53" type="stmt" count="0"/>
        <line num="54" type="stmt" count="0"/>
        <line num="55" type="stmt" count="0"/>
        <line num="56" type="stmt" count="0"/>
        <line num="57" type="stmt" count="0"/>
        <line num="59" type="method" name="awardAchievement" crap="6" count="0"/>
        <line num="60" type="stmt" count="0"/>
        <line num="61" type="stmt" count="0"/>
        <line num="63" type="stmt" count="0"/>
        <line num="64" type="stmt" count="0"/>
        <line num="65" type="stmt" count="0"/>
        <line num="66" type="stmt" count="0"/>
        <line num="68" type="method" name="removeAwardedAchievement" crap="6" count="0"/>
        <line num="69" type="stmt" count="0"/>
        <line num="70" type="stmt" count="0"/>
        <line num="72" type="stmt" count="0"/>
        <line num="73" type="stmt" count="0"/>
        <line num="74" type="stmt" count="0"/>
        <line num="75" type="stmt" count="0"/>
        <line num="80" type="method" name="getService" crap="2" count="0"/>
        <line num="81" type="stmt" count="0"/>
        <line num="82" type="stmt" count="0"/>
        <line num="83" type="stmt" count="0"/>
        <line num="89" type="method" name="setService" crap="2" count="0"/>
        <line num="90" type="stmt" count="0"/>
        <line num="91" type="stmt" count="0"/>
        <line num="93" type="stmt" count="0"/>
        <line num="94" type="stmt" count="0"/>
        <metrics loc="95" ncloc="68" classes="1" methods="7" coveredmethods="0" conditionals="0" coveredconditionals="0" statements="42" coveredstatements="0" elements="49" coveredelements="0"/>
      </file>
    </package>
    <package name="AxalianAchievements\Exception">
      <file name="D:\Work\wansujango\p005 - Zf2 Skeleton\vendor\axalian\achievements\src\AxalianAchievements/Exception/RuntimeException.php">
        <class name="RuntimeException" namespace="AxalianAchievements\Exception">
          <metrics methods="0" coveredmethods="0" conditionals="0" coveredconditionals="0" statements="0" coveredstatements="0" elements="0" coveredelements="0"/>
        </class>
        <metrics loc="17" ncloc="10" classes="1" methods="0" coveredmethods="0" conditionals="0" coveredconditionals="0" statements="0" coveredstatements="0" elements="0" coveredelements="0"/>
      </file>
    </package>
    <package name="AxalianAchievements\Options">
      <file name="D:\Work\wansujango\p005 - Zf2 Skeleton\vendor\axalian\achievements\src\AxalianAchievements/Options/ModuleOptions.php">
        <class name="ModuleOptions" namespace="AxalianAchievements\Options">
          <metrics methods="2" coveredmethods="0" conditionals="0" coveredconditionals="0" statements="9" coveredstatements="0" elements="11" coveredelements="0"/>
        </class>
        <line num="24" type="method" name="getAchievementProviders" crap="2" count="0"/>
        <line num="25" type="stmt" count="0"/>
        <line num="26" type="stmt" count="0"/>
        <line num="27" type="stmt" count="0"/>
        <line num="33" type="method" name="setAchievementProviders" crap="2" count="0"/>
        <line num="34" type="stmt" count="0"/>
        <line num="35" type="stmt" count="0"/>
        <line num="37" type="stmt" count="0"/>
        <line num="38" type="stmt" count="0"/>
        <metrics loc="39" ncloc="22" classes="1" methods="2" coveredmethods="0" conditionals="0" coveredconditionals="0" statements="9" coveredstatements="0" elements="11" coveredelements="0"/>
      </file>
    </package>
    <package name="AxalianAchievements\Service">
      <file name="D:\Work\wansujango\p005 - Zf2 Skeleton\vendor\axalian\achievements\src\AxalianAchievements/Service/AchievementService.php">
        <class name="AchievementService" namespace="AxalianAchievements\Service">
          <metrics methods="12" coveredmethods="6" conditionals="0" coveredconditionals="0" statements="44" coveredstatements="23" elements="56" coveredelements="29"/>
        </class>
        <line num="37" type="method" name="__construct" crap="1" count="1"/>
        <line num="39" type="stmt" count="1"/>
        <line num="40" type="stmt" count="1"/>
        <line num="45" type="method" name="getAchievements" crap="3" count="1"/>
        <line num="47" type="stmt" count="1"/>
        <line num="49" type="stmt" count="1"/>
        <line num="50" type="stmt" count="1"/>
        <line num="53" type="stmt" count="1"/>
        <line num="54" type="stmt" count="1"/>
        <line num="55" type="stmt" count="1"/>
        <line num="56" type="stmt" count="1"/>
        <line num="58" type="stmt" count="1"/>
        <line num="64" type="method" name="getCategories" crap="12" count="0"/>
        <line num="66" type="stmt" count="0"/>
        <line num="68" type="stmt" count="0"/>
        <line num="69" type="stmt" count="0"/>
        <line num="72" type="stmt" count="0"/>
        <line num="73" type="stmt" count="0"/>
        <line num="74" type="stmt" count="0"/>
        <line num="75" type="stmt" count="0"/>
        <line num="77" type="stmt" count="0"/>
        <line num="86" type="method" name="getAchievementByEvent" crap="20" count="0"/>
        <line num="89" type="stmt" count="0"/>
        <line num="90" type="stmt" count="0"/>
        <line num="91" type="stmt" count="0"/>
        <line num="93" type="stmt" count="0"/>
        <line num="95" type="stmt" count="0"/>
        <line num="104" type="method" name="getAchievementsByCategory" crap="3.21" count="1"/>
        <line num="106" type="stmt" count="1"/>
        <line num="109" type="stmt" count="1"/>
        <line num="110" type="stmt" count="1"/>
        <line num="111" type="stmt" count="0"/>
        <line num="112" type="stmt" count="0"/>
        <line num="113" type="stmt" count="1"/>
        <line num="115" type="stmt" count="1"/>
        <line num="121" type="method" name="addAwardedAchievement" crap="2" count="0"/>
        <line num="123" type="stmt" count="0"/>
        <line num="124" type="stmt" count="0"/>
        <line num="129" type="method" name="addRemovedAchievement" crap="2" count="0"/>
        <line num="131" type="stmt" count="0"/>
        <line num="132" type="stmt" count="0"/>
        <line num="137" type="method" name="getAwardedAchievements" crap="2" count="0"/>
        <line num="139" type="stmt" count="0"/>
        <line num="145" type="method" name="getRemovedAchievements" crap="2" count="0"/>
        <line num="147" type="stmt" count="0"/>
        <line num="155" type="method" name="getProviders" crap="2" count="1"/>
        <line num="157" type="stmt" count="1"/>
        <line num="159" type="stmt" count="1"/>
        <line num="160" type="stmt" count="1"/>
        <line num="161" type="stmt" count="1"/>
        <line num="163" type="stmt" count="1"/>
        <line num="169" type="method" name="getPluginManager" crap="1" count="1"/>
        <line num="171" type="stmt" count="1"/>
        <line num="178" type="method" name="setPluginManager" crap="1" count="1"/>
        <line num="180" type="stmt" count="1"/>
        <line num="182" type="stmt" count="1"/>
        <metrics loc="184" ncloc="119" classes="1" methods="12" coveredmethods="5" conditionals="0" coveredconditionals="0" statements="44" coveredstatements="23" elements="56" coveredelements="28"/>
      </file>
    </package>
    <package name="AxalianAchievements\ServiceFactory\AchievementProvider">
      <file name="D:\Work\wansujango\p005 - Zf2 Skeleton\vendor\axalian\achievements\src\AxalianAchievements/ServiceFactory/AchievementProvider/AchievementProviderPluginManagerFactory.php">
        <class name="AchievementProviderPluginManagerFactory" namespace="AxalianAchievements\ServiceFactory\AchievementProvider">
          <metrics methods="1" coveredmethods="0" conditionals="0" coveredconditionals="0" statements="7" coveredstatements="0" elements="8" coveredelements="0"/>
        </class>
        <line num="27" type="method" name="createService" crap="2" count="0"/>
        <line num="28" type="stmt" count="0"/>
        <line num="30" type="stmt" count="0"/>
        <line num="32" type="stmt" count="0"/>
        <line num="33" type="stmt" count="0"/>
        <line num="35" type="stmt" count="0"/>
        <line num="36" type="stmt" count="0"/>
        <metrics loc="37" ncloc="23" classes="1" methods="1" coveredmethods="0" conditionals="0" coveredconditionals="0" statements="7" coveredstatements="0" elements="8" coveredelements="0"/>
      </file>
      <file name="D:\Work\wansujango\p005 - Zf2 Skeleton\vendor\axalian\achievements\src\AxalianAchievements/ServiceFactory/AchievementProvider/ConfigAchievementProviderFactory.php">
        <class name="ConfigAchievementProviderFactory" namespace="AxalianAchievements\ServiceFactory\AchievementProvider">
          <metrics methods="1" coveredmethods="0" conditionals="0" coveredconditionals="0" statements="8" coveredstatements="0" elements="9" coveredelements="0"/>
        </class>
        <line num="27" type="method" name="createService" crap="6" count="0"/>
        <line num="28" type="stmt" count="0"/>
        <line num="29" type="stmt" count="0"/>
        <line num="31" type="stmt" count="0"/>
        <line num="32" type="stmt" count="0"/>
        <line num="33" type="stmt" count="0"/>
        <line num="35" type="stmt" count="0"/>
        <line num="36" type="stmt" count="0"/>
        <metrics loc="37" ncloc="23" classes="1" methods="1" coveredmethods="0" conditionals="0" coveredconditionals="0" statements="8" coveredstatements="0" elements="9" coveredelements="0"/>
      </file>
    </package>
    <package name="AxalianAchievements\ServiceFactory\EventManager">
      <file name="D:\Work\wansujango\p005 - Zf2 Skeleton\vendor\axalian\achievements\src\AxalianAchievements/ServiceFactory/EventManager/AchievementListenerAggregateFactory.php">
        <class name="AchievementListenerAggregateFactory" namespace="AxalianAchievements\ServiceFactory\EventManager">
          <metrics methods="1" coveredmethods="0" conditionals="0" coveredconditionals="0" statements="5" coveredstatements="0" elements="6" coveredelements="0"/>
        </class>
        <line num="26" type="method" name="createService" crap="2" count="0"/>
        <line num="27" type="stmt" count="0"/>
        <line num="29" type="stmt" count="0"/>
        <line num="31" type="stmt" count="0"/>
        <line num="32" type="stmt" count="0"/>
        <metrics loc="33" ncloc="19" classes="1" methods="1" coveredmethods="0" conditionals="0" coveredconditionals="0" statements="5" coveredstatements="0" elements="6" coveredelements="0"/>
      </file>
    </package>
    <package name="AxalianAchievements\ServiceFactory\Options">
      <file name="D:\Work\wansujango\p005 - Zf2 Skeleton\vendor\axalian\achievements\src\AxalianAchievements/ServiceFactory/Options/ModuleOptionsFactory.php">
        <class name="ModuleOptionsFactory" namespace="AxalianAchievements\ServiceFactory\Options">
          <metrics methods="1" coveredmethods="0" conditionals="0" coveredconditionals="0" statements="8" coveredstatements="0" elements="9" coveredelements="0"/>
        </class>
        <line num="26" type="method" name="createService" crap="6" count="0"/>
        <line num="27" type="stmt" count="0"/>
        <line num="29" type="stmt" count="0"/>
        <line num="31" type="stmt" count="0"/>
        <line num="32" type="stmt" count="0"/>
        <line num="33" type="stmt" count="0"/>
        <line num="35" type="stmt" count="0"/>
        <line num="36" type="stmt" count="0"/>
        <metrics loc="37" ncloc="22" classes="1" methods="1" coveredmethods="0" conditionals="0" coveredconditionals="0" statements="8" coveredstatements="0" elements="9" coveredelements="0"/>
      </file>
    </package>
    <package name="AxalianAchievements\ServiceFactory\Service">
      <file name="D:\Work\wansujango\p005 - Zf2 Skeleton\vendor\axalian\achievements\src\AxalianAchievements/ServiceFactory/Service/AchievementServiceFactory.php">
        <class name="AchievementServiceFactory" namespace="AxalianAchievements\ServiceFactory\Service">
          <metrics methods="1" coveredmethods="0" conditionals="0" coveredconditionals="0" statements="5" coveredstatements="0" elements="6" coveredelements="0"/>
        </class>
        <line num="26" type="method" name="createService" crap="2" count="0"/>
        <line num="27" type="stmt" count="0"/>
        <line num="29" type="stmt" count="0"/>
        <line num="31" type="stmt" count="0"/>
        <line num="32" type="stmt" count="0"/>
        <metrics loc="33" ncloc="19" classes="1" methods="1" coveredmethods="0" conditionals="0" coveredconditionals="0" statements="5" coveredstatements="0" elements="6" coveredelements="0"/>
      </file>
    </package>
    <package name="AxalianAchievements\ServiceFactory\View\Helper">
      <file name="D:\Work\wansujango\p005 - Zf2 Skeleton\vendor\axalian\achievements\src\AxalianAchievements/ServiceFactory/View/Helper/AchievementAwardedFactory.php">
        <class name="AchievementAwardedFactory" namespace="AxalianAchievements\ServiceFactory\View\Helper">
          <metrics methods="1" coveredmethods="0" conditionals="0" coveredconditionals="0" statements="4" coveredstatements="0" elements="5" coveredelements="0"/>
        </class>
        <line num="25" type="method" name="createService" crap="2" count="0"/>
        <line num="26" type="stmt" count="0"/>
        <line num="27" type="stmt" count="0"/>
        <line num="28" type="stmt" count="0"/>
        <metrics loc="29" ncloc="16" classes="1" methods="1" coveredmethods="0" conditionals="0" coveredconditionals="0" statements="4" coveredstatements="0" elements="5" coveredelements="0"/>
      </file>
      <file name="D:\Work\wansujango\p005 - Zf2 Skeleton\vendor\axalian\achievements\src\AxalianAchievements/ServiceFactory/View/Helper/AchievementRemovedFactory.php">
        <class name="AchievementRemovedFactory" namespace="AxalianAchievements\ServiceFactory\View\Helper">
          <metrics methods="1" coveredmethods="0" conditionals="0" coveredconditionals="0" statements="4" coveredstatements="0" elements="5" coveredelements="0"/>
        </class>
        <line num="25" type="method" name="createService" crap="2" count="0"/>
        <line num="26" type="stmt" count="0"/>
        <line num="27" type="stmt" count="0"/>
        <line num="28" type="stmt" count="0"/>
        <metrics loc="29" ncloc="16" classes="1" methods="1" coveredmethods="0" conditionals="0" coveredconditionals="0" statements="4" coveredstatements="0" elements="5" coveredelements="0"/>
      </file>
    </package>
    <package name="AxalianAchievements\View\Helper">
      <file name="D:\Work\wansujango\p005 - Zf2 Skeleton\vendor\axalian\achievements\src\AxalianAchievements/View/Helper/AbstractAchievementViewHelper.php">
        <class name="AbstractAchievementViewHelper" namespace="AxalianAchievements\View\Helper">
          <metrics methods="5" coveredmethods="0" conditionals="0" coveredconditionals="0" statements="22" coveredstatements="0" elements="27" coveredelements="0"/>
        </class>
        <line num="30" type="method" name="__construct" crap="2" count="0"/>
        <line num="31" type="stmt" count="0"/>
        <line num="32" type="stmt" count="0"/>
        <line num="33" type="stmt" count="0"/>
        <line num="38" type="method" name="getService" crap="2" count="0"/>
        <line num="39" type="stmt" count="0"/>
        <line num="40" type="stmt" count="0"/>
        <line num="41" type="stmt" count="0"/>
        <line num="47" type="method" name="setService" crap="2" count="0"/>
        <line num="48" type="stmt" count="0"/>
        <line num="49" type="stmt" count="0"/>
        <line num="51" type="stmt" count="0"/>
        <line num="52" type="stmt" count="0"/>
        <line num="57" type="method" name="getPartial" crap="2" count="0"/>
        <line num="58" type="stmt" count="0"/>
        <line num="59" type="stmt" count="0"/>
        <line num="60" type="stmt" count="0"/>
        <line num="66" type="method" name="setPartial" crap="2" count="0"/>
        <line num="67" type="stmt" count="0"/>
        <line num="68" type="stmt" count="0"/>
        <line num="70" type="stmt" count="0"/>
        <line num="71" type="stmt" count="0"/>
        <metrics loc="72" ncloc="42" classes="1" methods="5" coveredmethods="0" conditionals="0" coveredconditionals="0" statements="22" coveredstatements="0" elements="27" coveredelements="0"/>
      </file>
      <file name="D:\Work\wansujango\p005 - Zf2 Skeleton\vendor\axalian\achievements\src\AxalianAchievements/View/Helper/AchievementAwarded.php">
        <class name="AchievementAwarded" namespace="AxalianAchievements\View\Helper">
          <metrics methods="2" coveredmethods="0" conditionals="0" coveredconditionals="0" statements="14" coveredstatements="0" elements="16" coveredelements="0"/>
        </class>
        <line num="19" type="method" name="__invoke" crap="2" count="0"/>
        <line num="20" type="stmt" count="0"/>
        <line num="21" type="stmt" count="0"/>
        <line num="23" type="stmt" count="0"/>
        <line num="24" type="stmt" count="0"/>
        <line num="29" type="method" name="__toString" crap="2" count="0"/>
        <line num="30" type="stmt" count="0"/>
        <line num="31" type="stmt" count="0"/>
        <line num="32" type="stmt" count="0"/>
        <line num="33" type="stmt" count="0"/>
        <line num="34" type="stmt" count="0"/>
        <line num="35" type="stmt" count="0"/>
        <line num="36" type="stmt" count="0"/>
        <line num="37" type="stmt" count="0"/>
        <metrics loc="39" ncloc="24" classes="1" methods="2" coveredmethods="0" conditionals="0" coveredconditionals="0" statements="14" coveredstatements="0" elements="16" coveredelements="0"/>
      </file>
      <file name="D:\Work\wansujango\p005 - Zf2 Skeleton\vendor\axalian\achievements\src\AxalianAchievements/View/Helper/AchievementRemoved.php">
        <class name="AchievementRemoved" namespace="AxalianAchievements\View\Helper">
          <metrics methods="2" coveredmethods="0" conditionals="0" coveredconditionals="0" statements="14" coveredstatements="0" elements="16" coveredelements="0"/>
        </class>
        <line num="19" type="method" name="__invoke" crap="2" count="0"/>
        <line num="20" type="stmt" count="0"/>
        <line num="21" type="stmt" count="0"/>
        <line num="23" type="stmt" count="0"/>
        <line num="24" type="stmt" count="0"/>
        <line num="29" type="method" name="__toString" crap="2" count="0"/>
        <line num="30" type="stmt" count="0"/>
        <line num="31" type="stmt" count="0"/>
        <line num="32" type="stmt" count="0"/>
        <line num="33" type="stmt" count="0"/>
        <line num="34" type="stmt" count="0"/>
        <line num="35" type="stmt" count="0"/>
        <line num="36" type="stmt" count="0"/>
        <line num="37" type="stmt" count="0"/>
        <metrics loc="38" ncloc="23" classes="1" methods="2" coveredmethods="0" conditionals="0" coveredconditionals="0" statements="14" coveredstatements="0" elements="16" coveredelements="0"/>
      </file>
    </package>
    <metrics files="20" loc="1187" ncloc="718" classes="19" methods="66" coveredmethods="6" conditionals="0" coveredconditionals="0" statements="267" coveredstatements="30" elements="333" coveredelements="36"/>
  </project>
</coverage>
